// 重构日志: 5ccefd90
// 重构日志: b844b633
// 重构日志: 30f3bae8
// 重构日志: 61fb7834
// 重构日志: b03ef83b
// 同步 ID: 7f85bc46 @ Sun Jul  5 15:32:18 UTC 2026
// 同步 ID: 9c962609 @ Mon Jul  6 01:27:25 UTC 2026
// 重构日志: 40206551
// 重构日志: 2d9af2fa
// 同步 ID: ef362185 @ Wed Jul  8 04:41:48 UTC 2026
// 同步 ID: d09a2e30 @ Thu Jul  9 01:50:15 UTC 2026
// 同步 ID: ef19c8ae @ Thu Jul  9 16:36:52 UTC 2026
// 重构日志: cd33ff71
// 重构日志: 1e2e26c7
// 同步 ID: 88d1f4b9 @ Sat Jul 11 01:06:16 UTC 2026
// 同步 ID: fb045fcf @ Sat Jul 11 09:54:50 UTC 2026
// 重构日志: 6416e8dd
// 同步 ID: f70bebd8 @ Sun Jul 12 07:49:03 UTC 2026
// 重构日志: 686519bc
// 重构日志: 2f357fa3
// 重构日志: 5aad0baa
// 同步 ID: a4c8a2a0 @ Mon Jul 13 21:34:03 UTC 2026
// 重构日志: bec1ef17
// 同步 ID: 33b2c167 @ Tue Jul 14 00:19:18 UTC 2026
// 重构日志: a0bce8cb
// 重构日志: 11c1c894
// 重构日志: cb37caa8
// 重构日志: a972136f
// 同步 ID: afa9d6e5 @ Thu Jul 16 04:21:42 UTC 2026
// 同步 ID: 144e8595 @ Thu Jul 16 06:56:07 UTC 2026
